<?xml version="1.0" encoding="utf-8"?><testsuites><testsuite errors="0" failures="0" hostname="DESKTOP-EJF16R5" name="pytest" skipped="0" tests="8" time="2.501" timestamp="2020-06-18T10:51:58.118644"><testcase classname="test_submit.TestChallenge10" file="test_submit.py" line="8" name="test_0" time="0.792"></testcase><testcase classname="test_submit.TestChallenge10" file="test_submit.py" line="14" name="test_01" time="0.009"></testcase><testcase classname="test_submit.TestChallenge10" file="test_submit.py" line="20" name="test_1" time="0.005"></testcase><testcase classname="test_submit.TestChallenge10" file="test_submit.py" line="26" name="test_2" time="0.008"></testcase><testcase classname="test_submit.TestChallenge10" file="test_submit.py" line="32" name="test_3" time="0.008"></testcase><testcase classname="test_submit.TestChallenge10" file="test_submit.py" line="38" name="test_4" time="0.006"></testcase><testcase classname="test_submit.TestChallenge10" file="test_submit.py" line="43" name="test_5" time="0.006"></testcase><testcase classname="test_submit.TestChallenge10" file="test_submit.py" line="48" name="test_6" time="0.007"></testcase></testsuite></testsuites>