<?xml version="1.0" encoding="utf-8"?><testsuites><testsuite errors="0" failures="0" hostname="DESKTOP-EJF16R5" name="pytest" skipped="0" tests="7" time="2.806" timestamp="2020-06-23T11:36:21.786601"><testcase classname="test_submit.TestChallenge10" file="test_submit.py" line="52" name="test_1" time="0.072"></testcase><testcase classname="test_submit.TestChallenge10" file="test_submit.py" line="59" name="test_2" time="0.165"></testcase><testcase classname="test_submit.TestChallenge10" file="test_submit.py" line="63" name="test_3" time="0.202"></testcase><testcase classname="test_submit.TestChallenge10" file="test_submit.py" line="67" name="test_4" time="0.092"></testcase><testcase classname="test_submit.TestChallenge10" file="test_submit.py" line="74" name="test_5" time="0.106"></testcase><testcase classname="test_submit.TestChallenge10" file="test_submit.py" line="82" name="test_6" time="0.061"></testcase><testcase classname="test_submit.TestChallenge10" file="test_submit.py" line="89" name="test_7" time="0.175"></testcase></testsuite></testsuites>